ERROR   2017-02-22 21:30:38,577 [main] su.doma_dachi.lab.postgres.PostgresUserDaoTest  - Проблема с таблицей
su.doma_dachi.lab.dao.PersistException: su.doma_dachi.lab.dao.PersistException: org.postgresql.util.PSQLException: Колонки adressReg не найдено в этом ResultSet’’е.
	at su.doma_dachi.lab.dao.AbstractDao.getAll(AbstractDao.java:98)
	at su.doma_dachi.lab.postgres.PostgresUserDaoTest.getSelectQuery(PostgresUserDaoTest.java:34)
	at sun.reflect.NativeMethodAccessorImpl.invoke0(Native Method)
	at sun.reflect.NativeMethodAccessorImpl.invoke(NativeMethodAccessorImpl.java:62)
	at sun.reflect.DelegatingMethodAccessorImpl.invoke(DelegatingMethodAccessorImpl.java:43)
	at java.lang.reflect.Method.invoke(Method.java:498)
	at org.junit.platform.commons.util.ReflectionUtils.invokeMethod(ReflectionUtils.java:289)
	at org.junit.jupiter.engine.execution.ExecutableInvoker.invoke(ExecutableInvoker.java:114)
	at org.junit.jupiter.engine.descriptor.MethodTestDescriptor.lambda$invokeTestMethod$7(MethodTestDescriptor.java:212)
	at org.junit.jupiter.engine.execution.ThrowableCollector.execute(ThrowableCollector.java:40)
	at org.junit.jupiter.engine.descriptor.MethodTestDescriptor.invokeTestMethod(MethodTestDescriptor.java:208)
	at org.junit.jupiter.engine.descriptor.MethodTestDescriptor.execute(MethodTestDescriptor.java:155)
	at org.junit.jupiter.engine.descriptor.MethodTestDescriptor.execute(MethodTestDescriptor.java:63)
	at org.junit.platform.engine.support.hierarchical.HierarchicalTestExecutor.lambda$execute$0(HierarchicalTestExecutor.java:80)
	at org.junit.platform.engine.support.hierarchical.SingleTestExecutor.executeSafely(SingleTestExecutor.java:66)
	at org.junit.platform.engine.support.hierarchical.HierarchicalTestExecutor.execute(HierarchicalTestExecutor.java:76)
	at org.junit.platform.engine.support.hierarchical.HierarchicalTestExecutor.lambda$execute$0(HierarchicalTestExecutor.java:87)
	at org.junit.platform.engine.support.hierarchical.SingleTestExecutor.executeSafely(SingleTestExecutor.java:66)
	at org.junit.platform.engine.support.hierarchical.HierarchicalTestExecutor.execute(HierarchicalTestExecutor.java:76)
	at org.junit.platform.engine.support.hierarchical.HierarchicalTestExecutor.lambda$execute$0(HierarchicalTestExecutor.java:87)
	at org.junit.platform.engine.support.hierarchical.SingleTestExecutor.executeSafely(SingleTestExecutor.java:66)
	at org.junit.platform.engine.support.hierarchical.HierarchicalTestExecutor.execute(HierarchicalTestExecutor.java:76)
	at org.junit.platform.engine.support.hierarchical.HierarchicalTestExecutor.execute(HierarchicalTestExecutor.java:51)
	at org.junit.platform.engine.support.hierarchical.HierarchicalTestEngine.execute(HierarchicalTestEngine.java:43)
	at org.junit.platform.launcher.core.DefaultLauncher.execute(DefaultLauncher.java:129)
	at org.junit.platform.launcher.core.DefaultLauncher.execute(DefaultLauncher.java:85)
	at com.intellij.junit5.JUnit5IdeaTestRunner.startRunnerWithArgs(JUnit5IdeaTestRunner.java:59)
	at com.intellij.rt.execution.junit.IdeaTestRunner$Repeater.startRunnerWithArgs(IdeaTestRunner.java:51)
	at com.intellij.rt.execution.junit.JUnitStarter.prepareStreamsAndStart(JUnitStarter.java:237)
	at com.intellij.rt.execution.junit.JUnitStarter.main(JUnitStarter.java:70)
	at sun.reflect.NativeMethodAccessorImpl.invoke0(Native Method)
	at sun.reflect.NativeMethodAccessorImpl.invoke(NativeMethodAccessorImpl.java:62)
	at sun.reflect.DelegatingMethodAccessorImpl.invoke(DelegatingMethodAccessorImpl.java:43)
	at java.lang.reflect.Method.invoke(Method.java:498)
	at com.intellij.rt.execution.application.AppMain.main(AppMain.java:147)
Caused by: su.doma_dachi.lab.dao.PersistException: org.postgresql.util.PSQLException: Колонки adressReg не найдено в этом ResultSet’’е.
	at su.doma_dachi.lab.postgres.PostgresUserDao.parseResultSet(PostgresUserDao.java:108)
	at su.doma_dachi.lab.dao.AbstractDao.getAll(AbstractDao.java:96)
	... 34 more
Caused by: org.postgresql.util.PSQLException: Колонки adressReg не найдено в этом ResultSet’’е.
	at org.postgresql.jdbc.PgResultSet.findColumn(PgResultSet.java:2608)
	at org.postgresql.jdbc.PgResultSet.getString(PgResultSet.java:2483)
	at su.doma_dachi.lab.postgres.PostgresUserDao.parseResultSet(PostgresUserDao.java:103)
	... 35 more
ERROR   2017-02-22 21:32:38,294 [main] su.doma_dachi.lab.postgres.PostgresUserDaoTest  - Проблема с таблицей
su.doma_dachi.lab.dao.PersistException: su.doma_dachi.lab.dao.PersistException: su.doma_dachi.lab.dao.PersistException: org.postgresql.util.PSQLException: ERROR: column "id" does not exist
  Позиция: 42
	at su.doma_dachi.lab.dao.AbstractDao.getAll(AbstractDao.java:98)
	at su.doma_dachi.lab.postgres.PostgresUserDaoTest.getSelectQuery(PostgresUserDaoTest.java:34)
	at sun.reflect.NativeMethodAccessorImpl.invoke0(Native Method)
	at sun.reflect.NativeMethodAccessorImpl.invoke(NativeMethodAccessorImpl.java:62)
	at sun.reflect.DelegatingMethodAccessorImpl.invoke(DelegatingMethodAccessorImpl.java:43)
	at java.lang.reflect.Method.invoke(Method.java:498)
	at org.junit.platform.commons.util.ReflectionUtils.invokeMethod(ReflectionUtils.java:289)
	at org.junit.jupiter.engine.execution.ExecutableInvoker.invoke(ExecutableInvoker.java:114)
	at org.junit.jupiter.engine.descriptor.MethodTestDescriptor.lambda$invokeTestMethod$7(MethodTestDescriptor.java:212)
	at org.junit.jupiter.engine.execution.ThrowableCollector.execute(ThrowableCollector.java:40)
	at org.junit.jupiter.engine.descriptor.MethodTestDescriptor.invokeTestMethod(MethodTestDescriptor.java:208)
	at org.junit.jupiter.engine.descriptor.MethodTestDescriptor.execute(MethodTestDescriptor.java:155)
	at org.junit.jupiter.engine.descriptor.MethodTestDescriptor.execute(MethodTestDescriptor.java:63)
	at org.junit.platform.engine.support.hierarchical.HierarchicalTestExecutor.lambda$execute$0(HierarchicalTestExecutor.java:80)
	at org.junit.platform.engine.support.hierarchical.SingleTestExecutor.executeSafely(SingleTestExecutor.java:66)
	at org.junit.platform.engine.support.hierarchical.HierarchicalTestExecutor.execute(HierarchicalTestExecutor.java:76)
	at org.junit.platform.engine.support.hierarchical.HierarchicalTestExecutor.lambda$execute$0(HierarchicalTestExecutor.java:87)
	at org.junit.platform.engine.support.hierarchical.SingleTestExecutor.executeSafely(SingleTestExecutor.java:66)
	at org.junit.platform.engine.support.hierarchical.HierarchicalTestExecutor.execute(HierarchicalTestExecutor.java:76)
	at org.junit.platform.engine.support.hierarchical.HierarchicalTestExecutor.lambda$execute$0(HierarchicalTestExecutor.java:87)
	at org.junit.platform.engine.support.hierarchical.SingleTestExecutor.executeSafely(SingleTestExecutor.java:66)
	at org.junit.platform.engine.support.hierarchical.HierarchicalTestExecutor.execute(HierarchicalTestExecutor.java:76)
	at org.junit.platform.engine.support.hierarchical.HierarchicalTestExecutor.execute(HierarchicalTestExecutor.java:51)
	at org.junit.platform.engine.support.hierarchical.HierarchicalTestEngine.execute(HierarchicalTestEngine.java:43)
	at org.junit.platform.launcher.core.DefaultLauncher.execute(DefaultLauncher.java:129)
	at org.junit.platform.launcher.core.DefaultLauncher.execute(DefaultLauncher.java:85)
	at com.intellij.junit5.JUnit5IdeaTestRunner.startRunnerWithArgs(JUnit5IdeaTestRunner.java:59)
	at com.intellij.rt.execution.junit.IdeaTestRunner$Repeater.startRunnerWithArgs(IdeaTestRunner.java:51)
	at com.intellij.rt.execution.junit.JUnitStarter.prepareStreamsAndStart(JUnitStarter.java:237)
	at com.intellij.rt.execution.junit.JUnitStarter.main(JUnitStarter.java:70)
	at sun.reflect.NativeMethodAccessorImpl.invoke0(Native Method)
	at sun.reflect.NativeMethodAccessorImpl.invoke(NativeMethodAccessorImpl.java:62)
	at sun.reflect.DelegatingMethodAccessorImpl.invoke(DelegatingMethodAccessorImpl.java:43)
	at java.lang.reflect.Method.invoke(Method.java:498)
	at com.intellij.rt.execution.application.AppMain.main(AppMain.java:147)
Caused by: su.doma_dachi.lab.dao.PersistException: su.doma_dachi.lab.dao.PersistException: org.postgresql.util.PSQLException: ERROR: column "id" does not exist
  Позиция: 42
	at su.doma_dachi.lab.postgres.PostgresUserDao.parseResultSet(PostgresUserDao.java:108)
	at su.doma_dachi.lab.dao.AbstractDao.getAll(AbstractDao.java:96)
	... 34 more
Caused by: su.doma_dachi.lab.dao.PersistException: org.postgresql.util.PSQLException: ERROR: column "id" does not exist
  Позиция: 42
	at su.doma_dachi.lab.postgres.PostgresLevelDao.getByPK(PostgresLevelDao.java:64)
	at su.doma_dachi.lab.postgres.PostgresLevelDao.getByPK(PostgresLevelDao.java:19)
	at su.doma_dachi.lab.dao.AbstractDao.getDependence(AbstractDao.java:180)
	at su.doma_dachi.lab.postgres.PostgresUserDao.parseResultSet(PostgresUserDao.java:104)
	... 35 more
Caused by: org.postgresql.util.PSQLException: ERROR: column "id" does not exist
  Позиция: 42
	at org.postgresql.core.v3.QueryExecutorImpl.receiveErrorResponse(QueryExecutorImpl.java:2412)
	at org.postgresql.core.v3.QueryExecutorImpl.processResults(QueryExecutorImpl.java:2125)
	at org.postgresql.core.v3.QueryExecutorImpl.execute(QueryExecutorImpl.java:297)
	at org.postgresql.jdbc.PgStatement.executeInternal(PgStatement.java:428)
	at org.postgresql.jdbc.PgStatement.execute(PgStatement.java:354)
	at org.postgresql.jdbc.PgPreparedStatement.executeWithFlags(PgPreparedStatement.java:169)
	at org.postgresql.jdbc.PgPreparedStatement.executeQuery(PgPreparedStatement.java:117)
	at su.doma_dachi.lab.postgres.PostgresLevelDao.getByPK(PostgresLevelDao.java:61)
	... 38 more
ERROR   2017-02-22 22:22:01,264 [main] su.doma_dachi.lab.postgres.PostgresAuthorDaoTest  - Проблема с таблицей
su.doma_dachi.lab.dao.PersistException: su.doma_dachi.lab.dao.PersistException: su.doma_dachi.lab.dao.PersistException: su.doma_dachi.lab.dao.PersistException: org.postgresql.util.PSQLException: Колонки dateadoptation не найдено в этом ResultSet’’е.
	at su.doma_dachi.lab.dao.AbstractDao.getAll(AbstractDao.java:98)
	at su.doma_dachi.lab.postgres.PostgresAuthorDaoTest.getSelectQuery(PostgresAuthorDaoTest.java:33)
	at sun.reflect.NativeMethodAccessorImpl.invoke0(Native Method)
	at sun.reflect.NativeMethodAccessorImpl.invoke(NativeMethodAccessorImpl.java:62)
	at sun.reflect.DelegatingMethodAccessorImpl.invoke(DelegatingMethodAccessorImpl.java:43)
	at java.lang.reflect.Method.invoke(Method.java:498)
	at org.junit.platform.commons.util.ReflectionUtils.invokeMethod(ReflectionUtils.java:289)
	at org.junit.jupiter.engine.execution.ExecutableInvoker.invoke(ExecutableInvoker.java:114)
	at org.junit.jupiter.engine.descriptor.MethodTestDescriptor.lambda$invokeTestMethod$7(MethodTestDescriptor.java:212)
	at org.junit.jupiter.engine.execution.ThrowableCollector.execute(ThrowableCollector.java:40)
	at org.junit.jupiter.engine.descriptor.MethodTestDescriptor.invokeTestMethod(MethodTestDescriptor.java:208)
	at org.junit.jupiter.engine.descriptor.MethodTestDescriptor.execute(MethodTestDescriptor.java:155)
	at org.junit.jupiter.engine.descriptor.MethodTestDescriptor.execute(MethodTestDescriptor.java:63)
	at org.junit.platform.engine.support.hierarchical.HierarchicalTestExecutor.lambda$execute$0(HierarchicalTestExecutor.java:80)
	at org.junit.platform.engine.support.hierarchical.SingleTestExecutor.executeSafely(SingleTestExecutor.java:66)
	at org.junit.platform.engine.support.hierarchical.HierarchicalTestExecutor.execute(HierarchicalTestExecutor.java:76)
	at org.junit.platform.engine.support.hierarchical.HierarchicalTestExecutor.lambda$execute$0(HierarchicalTestExecutor.java:87)
	at org.junit.platform.engine.support.hierarchical.SingleTestExecutor.executeSafely(SingleTestExecutor.java:66)
	at org.junit.platform.engine.support.hierarchical.HierarchicalTestExecutor.execute(HierarchicalTestExecutor.java:76)
	at org.junit.platform.engine.support.hierarchical.HierarchicalTestExecutor.lambda$execute$0(HierarchicalTestExecutor.java:87)
	at org.junit.platform.engine.support.hierarchical.SingleTestExecutor.executeSafely(SingleTestExecutor.java:66)
	at org.junit.platform.engine.support.hierarchical.HierarchicalTestExecutor.execute(HierarchicalTestExecutor.java:76)
	at org.junit.platform.engine.support.hierarchical.HierarchicalTestExecutor.execute(HierarchicalTestExecutor.java:51)
	at org.junit.platform.engine.support.hierarchical.HierarchicalTestEngine.execute(HierarchicalTestEngine.java:43)
	at org.junit.platform.launcher.core.DefaultLauncher.execute(DefaultLauncher.java:129)
	at org.junit.platform.launcher.core.DefaultLauncher.execute(DefaultLauncher.java:85)
	at com.intellij.junit5.JUnit5IdeaTestRunner.startRunnerWithArgs(JUnit5IdeaTestRunner.java:59)
	at com.intellij.rt.execution.junit.IdeaTestRunner$Repeater.startRunnerWithArgs(IdeaTestRunner.java:51)
	at com.intellij.rt.execution.junit.JUnitStarter.prepareStreamsAndStart(JUnitStarter.java:237)
	at com.intellij.rt.execution.junit.JUnitStarter.main(JUnitStarter.java:70)
	at sun.reflect.NativeMethodAccessorImpl.invoke0(Native Method)
	at sun.reflect.NativeMethodAccessorImpl.invoke(NativeMethodAccessorImpl.java:62)
	at sun.reflect.DelegatingMethodAccessorImpl.invoke(DelegatingMethodAccessorImpl.java:43)
	at java.lang.reflect.Method.invoke(Method.java:498)
	at com.intellij.rt.execution.application.AppMain.main(AppMain.java:147)
Caused by: su.doma_dachi.lab.dao.PersistException: su.doma_dachi.lab.dao.PersistException: su.doma_dachi.lab.dao.PersistException: org.postgresql.util.PSQLException: Колонки dateadoptation не найдено в этом ResultSet’’е.
	at su.doma_dachi.lab.postgres.PostgresAuthorDao.parseResultSet(PostgresAuthorDao.java:88)
	at su.doma_dachi.lab.dao.AbstractDao.getAll(AbstractDao.java:96)
	... 34 more
Caused by: su.doma_dachi.lab.dao.PersistException: su.doma_dachi.lab.dao.PersistException: org.postgresql.util.PSQLException: Колонки dateadoptation не найдено в этом ResultSet’’е.
	at su.doma_dachi.lab.postgres.PostgresArticleDao.getByPK(PostgresArticleDao.java:63)
	at su.doma_dachi.lab.postgres.PostgresArticleDao.getByPK(PostgresArticleDao.java:15)
	at su.doma_dachi.lab.dao.AbstractDao.getDependence(AbstractDao.java:180)
	at su.doma_dachi.lab.postgres.PostgresAuthorDao.parseResultSet(PostgresAuthorDao.java:84)
	... 35 more
Caused by: su.doma_dachi.lab.dao.PersistException: org.postgresql.util.PSQLException: Колонки dateadoptation не найдено в этом ResultSet’’е.
	at su.doma_dachi.lab.postgres.PostgresArticleDao.parseResultSet(PostgresArticleDao.java:100)
	at su.doma_dachi.lab.postgres.PostgresArticleDao.getByPK(PostgresArticleDao.java:61)
	... 38 more
Caused by: org.postgresql.util.PSQLException: Колонки dateadoptation не найдено в этом ResultSet’’е.
	at org.postgresql.jdbc.PgResultSet.findColumn(PgResultSet.java:2608)
	at org.postgresql.jdbc.PgResultSet.getDate(PgResultSet.java:2525)
	at su.doma_dachi.lab.postgres.PostgresArticleDao.parseResultSet(PostgresArticleDao.java:94)
	... 39 more
ERROR   2017-02-22 23:26:54,439 [main] su.doma_dachi.lab.postgres.PostgresReviewDaoTest  - Проблема с таблицей
su.doma_dachi.lab.dao.PersistException: Dao object for class su.doma_dachi.lab.domain.Review not found.
	at su.doma_dachi.lab.postgres.PostgresDaoFactory.getDao(PostgresDaoFactory.java:51)
	at su.doma_dachi.lab.postgres.PostgresDaoFactory.getDao(PostgresDaoFactory.java:23)
	at su.doma_dachi.lab.postgres.PostgresReviewDaoTest.getSelectQuery(PostgresReviewDaoTest.java:34)
	at sun.reflect.NativeMethodAccessorImpl.invoke0(Native Method)
	at sun.reflect.NativeMethodAccessorImpl.invoke(NativeMethodAccessorImpl.java:62)
	at sun.reflect.DelegatingMethodAccessorImpl.invoke(DelegatingMethodAccessorImpl.java:43)
	at java.lang.reflect.Method.invoke(Method.java:498)
	at org.junit.platform.commons.util.ReflectionUtils.invokeMethod(ReflectionUtils.java:289)
	at org.junit.jupiter.engine.execution.ExecutableInvoker.invoke(ExecutableInvoker.java:114)
	at org.junit.jupiter.engine.descriptor.MethodTestDescriptor.lambda$invokeTestMethod$7(MethodTestDescriptor.java:212)
	at org.junit.jupiter.engine.execution.ThrowableCollector.execute(ThrowableCollector.java:40)
	at org.junit.jupiter.engine.descriptor.MethodTestDescriptor.invokeTestMethod(MethodTestDescriptor.java:208)
	at org.junit.jupiter.engine.descriptor.MethodTestDescriptor.execute(MethodTestDescriptor.java:155)
	at org.junit.jupiter.engine.descriptor.MethodTestDescriptor.execute(MethodTestDescriptor.java:63)
	at org.junit.platform.engine.support.hierarchical.HierarchicalTestExecutor.lambda$execute$0(HierarchicalTestExecutor.java:80)
	at org.junit.platform.engine.support.hierarchical.SingleTestExecutor.executeSafely(SingleTestExecutor.java:66)
	at org.junit.platform.engine.support.hierarchical.HierarchicalTestExecutor.execute(HierarchicalTestExecutor.java:76)
	at org.junit.platform.engine.support.hierarchical.HierarchicalTestExecutor.lambda$execute$0(HierarchicalTestExecutor.java:87)
	at org.junit.platform.engine.support.hierarchical.SingleTestExecutor.executeSafely(SingleTestExecutor.java:66)
	at org.junit.platform.engine.support.hierarchical.HierarchicalTestExecutor.execute(HierarchicalTestExecutor.java:76)
	at org.junit.platform.engine.support.hierarchical.HierarchicalTestExecutor.lambda$execute$0(HierarchicalTestExecutor.java:87)
	at org.junit.platform.engine.support.hierarchical.SingleTestExecutor.executeSafely(SingleTestExecutor.java:66)
	at org.junit.platform.engine.support.hierarchical.HierarchicalTestExecutor.execute(HierarchicalTestExecutor.java:76)
	at org.junit.platform.engine.support.hierarchical.HierarchicalTestExecutor.execute(HierarchicalTestExecutor.java:51)
	at org.junit.platform.engine.support.hierarchical.HierarchicalTestEngine.execute(HierarchicalTestEngine.java:43)
	at org.junit.platform.launcher.core.DefaultLauncher.execute(DefaultLauncher.java:129)
	at org.junit.platform.launcher.core.DefaultLauncher.execute(DefaultLauncher.java:85)
	at com.intellij.junit5.JUnit5IdeaTestRunner.startRunnerWithArgs(JUnit5IdeaTestRunner.java:59)
	at com.intellij.rt.execution.junit.IdeaTestRunner$Repeater.startRunnerWithArgs(IdeaTestRunner.java:51)
	at com.intellij.rt.execution.junit.JUnitStarter.prepareStreamsAndStart(JUnitStarter.java:237)
	at com.intellij.rt.execution.junit.JUnitStarter.main(JUnitStarter.java:70)
	at sun.reflect.NativeMethodAccessorImpl.invoke0(Native Method)
	at sun.reflect.NativeMethodAccessorImpl.invoke(NativeMethodAccessorImpl.java:62)
	at sun.reflect.DelegatingMethodAccessorImpl.invoke(DelegatingMethodAccessorImpl.java:43)
	at java.lang.reflect.Method.invoke(Method.java:498)
	at com.intellij.rt.execution.application.AppMain.main(AppMain.java:147)
